Build started 9/22/2015 4:01:33 AM.
     1>Project "C:\Users\Administrator\Documents\projects\vocalid\flite-2.0.0\sapi\FliteCMUKalDiphone\FliteCMUKalDiphone.vcxproj" on node 2 (Build target(s)).
     1>C:\Program Files (x86)\MSBuild\Microsoft.Cpp\v4.0\V140\Microsoft.CppBuild.targets(392,5): warning MSB8028: The intermediate directory (.\Debug\) contains files shared from another project (FliteCMUKalDiphone.vcxproj).  This can lead to incorrect clean and rebuild behavior.
     1>Link:
         C:\Program Files (x86)\Microsoft Visual Studio 14.0\VC\bin\link.exe /ERRORREPORT:PROMPT /OUT:".\Debug\FliteCMUKalDiphone.dll" /INCREMENTAL /NOLOGO winmm.lib kernel32.lib user32.lib gdi32.lib winspool.lib comdlg32.lib advapi32.lib shell32.lib ole32.lib oleaut32.lib uuid.lib odbc32.lib odbccp32.lib /NODEFAULTLIB:libcd.lib /DEF:".\FliteCMUKalDiphone.def" /MANIFEST /MANIFESTUAC:"level='asInvoker' uiAccess='false'" /manifest:embed /Debug /PDB:".\Debug\FliteCMUKalDiphone.pdb" /SUBSYSTEM:WINDOWS,"5.01" /TLBID:1 /DYNAMICBASE /NXCOMPAT /IMPLIB:".\Debug\FliteCMUKalDiphone.lib" /MACHINE:X86 /SAFESEH /DLL .\Debug\FliteCMUKalDiphone.res
         .\Debug\FliteCMUKalDiphone.obj
         .\Debug\FliteCMUKalDiphoneObj.obj
         .\Debug\StdAfx.obj
         "C:\Users\Administrator\Documents\projects\vocalid\flite-2.0.0\sapi\x64\Release\cmulex.lib"
         "C:\Users\Administrator\Documents\projects\vocalid\flite-2.0.0\sapi\x64\Release\flite.lib"
         "C:\Users\Administrator\Documents\projects\vocalid\flite-2.0.0\sapi\x64\Release\FliteTTSEngineObj.lib"
         "C:\Users\Administrator\Documents\projects\vocalid\flite-2.0.0\sapi\x64\Release\usenglish.lib"
         "C:\Users\Administrator\Documents\projects\vocalid\flite-2.0.0\sapi\cmu_us_kal\Release\cmu_us_kal.lib"
     1>LINK : fatal error LNK1104: cannot open file 'C:\Users\Administrator\Documents\projects\vocalid\flite-2.0.0\sapi\cmu_us_kal\Release\cmu_us_kal.lib'
     1>Done Building Project "C:\Users\Administrator\Documents\projects\vocalid\flite-2.0.0\sapi\FliteCMUKalDiphone\FliteCMUKalDiphone.vcxproj" (Build target(s)) -- FAILED.

Build FAILED.

Time Elapsed 00:00:00.25
