Build started 10/30/2015 10:58:39 PM.
     1>Project "C:\Users\Administrator\Documents\projects\vocalid\flite-2.0.0\sapi\FliteCMUGenericCG\FliteCMUGenericCG.vcxproj" on node 2 (Build target(s)).
     1>ClCompile:
         C:\Program Files (x86)\Microsoft Visual Studio 14.0\VC\bin\CL.exe /c /I..\..\include /I..\flitettsengineobj /ZI /nologo /W3 /WX- /sdl /Od /Oy- /D WIN32 /D _WINDOWS /D _DEBUG /D _USRDLL /D _USING_V110_SDK71_ /D _WINDLL /D _UNICODE /D UNICODE /Gm /EHsc /RTC1 /MDd /GS /fp:precise /Zc:wchar_t /Zc:forScope /Zc:inline /Yu"stdafx.h" /Fp"Win32\Debug\FliteCMUGenericCG.pch" /Fo"Win32\Debug\\" /Fd"Win32\Debug\vc140.pdb" /Gd /TP /analyze- /errorReport:prompt FliteCMUGenericCG.cpp
         FliteCMUGenericCG.cpp
       Link:
         C:\Program Files (x86)\Microsoft Visual Studio 14.0\VC\bin\link.exe /ERRORREPORT:PROMPT /OUT:"C:\Users\Administrator\Documents\projects\vocalid\flite-2.0.0\sapi\Win32\Debug\FliteCMUGenericCG.dll" /INCREMENTAL /NOLOGO kernel32.lib user32.lib gdi32.lib winspool.lib comdlg32.lib advapi32.lib shell32.lib ole32.lib oleaut32.lib uuid.lib odbc32.lib odbccp32.lib /DEF:".\FliteCMUGenericCG.def" /MANIFEST /MANIFESTUAC:"level='asInvoker' uiAccess='false'" /manifest:embed /Debug /PDB:"C:\Users\Administrator\Documents\projects\vocalid\flite-2.0.0\sapi\Win32\Debug\FliteCMUGenericCG.pdb" /SUBSYSTEM:WINDOWS,"5.01" /TLBID:1 /DYNAMICBASE /NXCOMPAT /MACHINE:X86 /DLL Win32\Debug\FliteCMUGenericCG.res
         Win32\Debug\dllmain.obj
         Win32\Debug\FliteCMUGenericCG.obj
         Win32\Debug\FliteCMUGenericCGObj.obj
         Win32\Debug\FliteCMUGenericCG_i.obj
         Win32\Debug\stdafx.obj
         "C:\Users\Administrator\Documents\projects\vocalid\flite-2.0.0\sapi\cmulex\Debug\cmulex.lib"
         "C:\Users\Administrator\Documents\projects\vocalid\flite-2.0.0\sapi\Win32\Debug\cmu_cg.lib"
         "C:\Users\Administrator\Documents\projects\vocalid\flite-2.0.0\sapi\flite\Debug\flite.lib"
         "C:\Users\Administrator\Documents\projects\vocalid\flite-2.0.0\sapi\FliteTTSEngineObj\Debug\FliteTTSEngineObj.lib"
         "C:\Users\Administrator\Documents\projects\vocalid\flite-2.0.0\sapi\usenglish\Debug\usenglish.lib"
         FliteCMUGenericCG.vcxproj -> C:\Users\Administrator\Documents\projects\vocalid\flite-2.0.0\sapi\Win32\Debug\FliteCMUGenericCG.dll
       RegisterOutput:
         regsvr32 /s "C:\Users\Administrator\Documents\projects\vocalid\flite-2.0.0\sapi\Win32\Debug\FliteCMUGenericCG.dll"
     1>C:\Program Files (x86)\MSBuild\Microsoft.Cpp\v4.0\V140\Microsoft.CppCommon.targets(1662,5): warning MSB3075: The command "regsvr32 /s "C:\Users\Administrator\Documents\projects\vocalid\flite-2.0.0\sapi\Win32\Debug\FliteCMUGenericCG.dll"" exited with code 5. Please verify that you have sufficient rights to run this command.
     1>C:\Program Files (x86)\MSBuild\Microsoft.Cpp\v4.0\V140\Microsoft.CppCommon.targets(1674,5): error MSB8011: Failed to register output. Please try enabling Per-user Redirection or register the component from a command prompt with elevated permissions.
     1>Done Building Project "C:\Users\Administrator\Documents\projects\vocalid\flite-2.0.0\sapi\FliteCMUGenericCG\FliteCMUGenericCG.vcxproj" (Build target(s)) -- FAILED.

Build FAILED.

Time Elapsed 00:00:00.64
